<?xml version="1.0" encoding="UTF-8"?>
<!-- Generated by org.testng.reporters.JUnitXMLReporter -->
<testsuite hostname="LAPTOP-U0K5KRU0" ignored="8" name="testController" tests="9" failures="0" timestamp="2020-03-04T02:04:54 SGT" time="5.845" errors="0">
  <testcase name="CreateIndex_CsvNotExist" time="5.01" classname="com.bigdata.springboot.akka.StreamControllerTests"/>
  <testcase name="CreateIndex_EmptyIndex" time="0.114" classname="com.bigdata.springboot.akka.StreamControllerTests"/>
  <testcase name="CreateIndex_EmptySource" time="0.096" classname="com.bigdata.springboot.akka.StreamControllerTests"/>
  <testcase name="CreateIndex_EmptyTopic" time="0.089" classname="com.bigdata.springboot.akka.StreamControllerTests"/>
  <testcase name="CreateIndex_InvalidSourceType" time="0.079" classname="com.bigdata.springboot.akka.StreamControllerTests"/>
  <testcase name="CreateIndex_NullTopic" time="0.085" classname="com.bigdata.springboot.akka.StreamControllerTests"/>
  <testcase name="DeleteStreamer_EmptyStreamerId" time="0.078" classname="com.bigdata.springboot.akka.StreamControllerTests"/>
  <testcase name="StartStreamer_EmptyStreamerId" time="0.084" classname="com.bigdata.springboot.akka.StreamControllerTests"/>
  <testcase name="StopStreamer_EmptyStreamerId" time="0.067" classname="com.bigdata.springboot.akka.StreamControllerTests"/>
  <testcase name="StopStreamer_EmptyInput" time="0.0" classname="com.bigdata.springboot.akka.StreamControllerTests">
    <ignored/>
  </testcase> <!-- StopStreamer_EmptyInput -->
  <testcase name="DeleteStreamer_Normal" time="0.0" classname="com.bigdata.springboot.akka.StreamControllerTests">
    <ignored/>
  </testcase> <!-- DeleteStreamer_Normal -->
  <testcase name="StopStreamer_Normal" time="0.0" classname="com.bigdata.springboot.akka.StreamControllerTests">
    <ignored/>
  </testcase> <!-- StopStreamer_Normal -->
  <testcase name="StartStreamer_Normal" time="0.0" classname="com.bigdata.springboot.akka.StreamControllerTests">
    <ignored/>
  </testcase> <!-- StartStreamer_Normal -->
  <testcase name="CreateIndex_CsvNormal" time="0.0" classname="com.bigdata.springboot.akka.StreamControllerTests">
    <ignored/>
  </testcase> <!-- CreateIndex_CsvNormal -->
  <testcase name="testControllerDummy" time="0.0" classname="com.bigdata.springboot.akka.StreamControllerTests">
    <ignored/>
  </testcase> <!-- testControllerDummy -->
  <testcase name="CreateIndex_KafkaNormal" time="0.0" classname="com.bigdata.springboot.akka.StreamControllerTests">
    <ignored/>
  </testcase> <!-- CreateIndex_KafkaNormal -->
  <testcase name="ListStreamer" time="0.0" classname="com.bigdata.springboot.akka.StreamControllerTests">
    <ignored/>
  </testcase> <!-- ListStreamer -->
</testsuite> <!-- testController -->
